[info] Log at : 2026/3/23|12:42:24|GMT+0800

[info] Log at : 2026/3/23|12:42:28|GMT+0800

[info] Log at : 2026/3/23|12:47:04|GMT+0800

[SyntaxError: Unexpected token '/', ..."          // 工程源码目录
"... is not valid JSON
	at JSON.parse (<anonymous>)
	at F.updateCppProperties (c:\Users\i2stay\.vscode\extensions\cl.keil-assistant-1.7.0\dist\extension.js:1:10849)
	at F.<anonymous> (c:\Users\i2stay\.vscode\extensions\cl.keil-assistant-1.7.0\dist\extension.js:1:12579)
	at Generator.next (<anonymous>)
	at c:\Users\i2stay\.vscode\extensions\cl.keil-assistant-1.7.0\dist\extension.js:1:4480
	at new Promise (<anonymous>)
	at r (c:\Users\i2stay\.vscode\extensions\cl.keil-assistant-1.7.0\dist\extension.js:1:4225)
	at F.load (c:\Users\i2stay\.vscode\extensions\cl.keil-assistant-1.7.0\dist\extension.js:1:11310)
	at w.<anonymous> (c:\Users\i2stay\.vscode\extensions\cl.keil-assistant-1.7.0\dist\extension.js:1:8737)
	at Generator.next (<anonymous>)
	at a (c:\Users\i2stay\.vscode\extensions\cl.keil-assistant-1.7.0\dist\extension.js:1:4282)]
[info] Log at : 2026/3/23|12:47:07|GMT+0800

[info] Log at : 2026/3/23|13:04:23|GMT+0800

[info] Log at : 2026/3/23|13:04:25|GMT+0800

[info] Log at : 2026/3/23|13:41:13|GMT+0800

[info] Log at : 2026/3/23|13:41:17|GMT+0800

[info] Log at : 2026/3/25|19:02:37|GMT+0800

[info] Log at : 2026/3/25|20:48:53|GMT+0800

[info] Log at : 2026/3/26|20:40:54|GMT+0800

[info] Log at : 2026/3/26|20:40:56|GMT+0800

[info] Log at : 2026/3/27|11:27:51|GMT+0800

[info] Log at : 2026/3/27|11:27:56|GMT+0800

[info] Log at : 2026/3/27|21:38:48|GMT+0800

[info] Log at : 2026/3/27|21:38:51|GMT+0800

[info] Log at : 2026/4/2|12:35:26|GMT+0800

[info] Log at : 2026/4/2|12:35:30|GMT+0800

[info] Log at : 2026/4/2|16:13:22|GMT+0800

[info] Log at : 2026/4/2|16:13:24|GMT+0800

[info] Log at : 2026/4/2|16:40:39|GMT+0800

[info] Log at : 2026/4/2|16:40:42|GMT+0800

[info] Log at : 2026/4/2|17:08:31|GMT+0800

[info] Log at : 2026/4/2|17:08:33|GMT+0800

[info] Log at : 2026/4/3|11:13:06|GMT+0800

[info] Log at : 2026/4/3|11:13:10|GMT+0800

[info] Log at : 2026/4/3|11:28:25|GMT+0800

[info] Log at : 2026/4/3|11:28:27|GMT+0800

[info] Log at : 2026/4/3|12:10:20|GMT+0800

[info] Log at : 2026/4/3|12:10:24|GMT+0800

[info] Log at : 2026/4/3|13:35:50|GMT+0800

[info] Log at : 2026/4/7|12:35:49|GMT+0800

[info] Log at : 2026/4/7|12:35:53|GMT+0800

[info] Log at : 2026/4/7|15:06:41|GMT+0800

[info] Log at : 2026/4/7|15:06:43|GMT+0800

[info] Log at : 2026/4/8|09:37:32|GMT+0800

[info] Log at : 2026/4/13|18:34:32|GMT+0800

[info] Log at : 2026/4/13|18:34:35|GMT+0800

[info] Log at : 2026/4/20|11:14:45|GMT+0800

[info] Log at : 2026/4/20|11:14:49|GMT+0800

[info] Log at : 2026/4/20|12:19:57|GMT+0800

[info] Log at : 2026/4/20|12:27:12|GMT+0800

[info] Log at : 2026/4/20|14:57:52|GMT+0800

[info] Log at : 2026/4/20|15:04:09|GMT+0800

[info] Log at : 2026/4/20|15:07:11|GMT+0800

